<?xml version="1.0" encoding="UTF-8"?>
<testsuite xmlns:xsi="http://www.w3.org/2001/XMLSchema-instance" xsi:noNamespaceSchemaLocation="https://maven.apache.org/surefire/maven-surefire-plugin/xsd/surefire-test-report.xsd" version="3.0.2" name="com.algaworks.algafood.AlgaFoodApiApplicationTests" time="1.274" tests="1" errors="0" skipped="0" failures="0">
  <properties>
[...]
</properties>
  <testcase name="contextLoads" classname="com.algaworks.algafood.AlgaFoodApiApplicationTests" time="0.367">
    <system-out><![CDATA[09:32:48.429 [main] INFO org.springframework.test.context.support.AnnotationConfigContextLoaderUtils -- Could not detect default configuration classes for test class [com.algaworks.algafood.AlgaFoodApiApplicationTests]: AlgaFoodApiApplicationTests does not declare any static, non-private, non-final, nested classes annotated with @Configuration.
09:32:48.484 [main] INFO org.springframework.boot.test.context.SpringBootTestContextBootstrapper -- Found @SpringBootConfiguration com.algaworks.algafood.AlgaFoodApiApplication for test class com.algaworks.algafood.AlgaFoodApiApplicationTests
09:32:48.548 [main] INFO org.springframework.boot.devtools.restart.RestartApplicationListener -- Restart disabled due to context in which it is running

  .   ____          _            __ _ _
 /\\ / ___'_ __ _ _(_)_ __  __ _ \ \ \ \
( ( )\___ | '_ | '_| | '_ \/ _` | \ \ \ \
 \\/  ___)| |_)| | | | | || (_| |  ) ) ) )
  '  |____| .__|_| |_|_| |_\__, | / / / /
 =========|_|==============|___/=/_/_/_/

 :: Spring Boot ::                (v3.4.1)

2025-01-09T09:32:48.687-03:00  INFO 39168 --- [           main] c.a.a.AlgaFoodApiApplicationTests        : Starting AlgaFoodApiApplicationTests using Java 18.0.2-ea with PID 39168 (started by guga in /home/guga/Gustavo/Projeto_Alga/AlgaWorksProject)
2025-01-09T09:32:48.688-03:00  INFO 39168 --- [           main] c.a.a.AlgaFoodApiApplicationTests        : The following 1 profile is active: "pro"
2025-01-09T09:32:49.073-03:00  INFO 39168 --- [           main] c.a.algafood.MeuPrimeiroController       : Chamando primeiro controller
2025-01-09T09:32:49.075-03:00  INFO 39168 --- [           main] c.a.a.notificacao.NotificadorEmail       : Notificador email Prod
2025-01-09T09:32:49.080-03:00  INFO 39168 --- [           main] c.a.a.notificacao.NotificadorEmailMock   : Notificador email Dev
2025-01-09T09:32:49.254-03:00  INFO 39168 --- [           main] c.a.a.AlgaFoodApiApplicationTests        : Started AlgaFoodApiApplicationTests in 0.712 seconds (process running for 1.152)
]]></system-out>
  </testcase>
</testsuite>